<?xml version="1.0" encoding="UTF-8"?>
<!-- Generated by org.testng.reporters.JUnitReportReporter -->
<testsuite hostname="LAPTOP-GEDO5C2J" failures="0" tests="1" name="mytestngpackage.dropdn" time="1.368" errors="0" timestamp="2021-08-21T13:40:10 IST" skipped="0">
  <testcase classname="mytestngpackage.dropdn" name="f" time="1.368"/>
  <system-out/>
</testsuite> <!-- mytestngpackage.dropdn -->
