<?xml version="1.0" encoding="UTF-8"?>
<!-- Generated by org.testng.reporters.JUnitReportReporter -->
<testsuite hostname="LAPTOP-GEDO5C2J" failures="0" tests="1" name="mytestngpackage.assertexample" time="0.092" errors="0" timestamp="2021-08-21T13:38:47 IST" skipped="0">
  <testcase classname="mytestngpackage.assertexample" name="f" time="0.092"/>
  <system-out/>
</testsuite> <!-- mytestngpackage.assertexample -->
