<?xml version="1.0" encoding="UTF-8"?>
<!-- Generated by org.testng.reporters.JUnitReportReporter -->
<testsuite hostname="LAPTOP-GEDO5C2J" failures="0" tests="1" name="mytestngpackage.alllinks1" time="7.777" errors="0" timestamp="2021-08-21T13:37:05 IST" skipped="0">
  <testcase classname="mytestngpackage.alllinks1" name="f" time="7.777"/>
  <system-out/>
</testsuite> <!-- mytestngpackage.alllinks1 -->
