<?xml version="1.0" encoding="UTF-8"?>
<!-- Generated by org.testng.reporters.JUnitReportReporter -->
<testsuite hostname="LAPTOP-GEDO5C2J" failures="0" tests="1" name="mytestngpackage.dynamicxpath" time="16.221" errors="0" timestamp="2021-08-21T13:43:37 IST" skipped="0">
  <testcase classname="mytestngpackage.dynamicxpath" name="test1" time="16.221"/>
  <system-out/>
</testsuite> <!-- mytestngpackage.dynamicxpath -->
