<?xml version="1.0" encoding="UTF-8"?>
<!-- Generated by org.testng.reporters.JUnitReportReporter -->
<testsuite hostname="LAPTOP-GEDO5C2J" failures="0" tests="1" name="mytestngpackage.alllinks" time="6.944" errors="0" timestamp="2021-08-21T13:36:26 IST" skipped="0">
  <testcase classname="mytestngpackage.alllinks" name="f" time="6.944"/>
  <system-out/>
</testsuite> <!-- mytestngpackage.alllinks -->
